{
  "RSpec": {
    "coverage": {
      "/Users/pmedaugh/Documents/Turing/ideabox/app/controllers/ideas_controller.rb": [
        1,
        1,
        1,
        4,
        4,
        null,
        null,
        1,
        1,
        null,
        null,
        1,
        0,
        null,
        null,
        1,
        0,
        0,
        0,
        null,
        0,
        0,
        null,
        null,
        null,
        1,
        0,
        null,
        null,
        1,
        0,
        0,
        0,
        null,
        0,
        0,
        null,
        null,
        null,
        1,
        null,
        1,
        1,
        0,
        null,
        null
      ],
      "/Users/pmedaugh/Documents/Turing/ideabox/app/controllers/application_controller.rb": [
        1,
        null,
        null,
        1,
        null
      ],
      "/Users/pmedaugh/Documents/Turing/ideabox/spec/features/user_can_create_a_new_idea_spec.rb": [
        1,
        null,
        1,
        1,
        1,
        2,
        null,
        1,
        1,
        1,
        1,
        0,
        0,
        0,
        0,
        0,
        null,
        null,
        1,
        1,
        1,
        1,
        0,
        0,
        0,
        0,
        0,
        null,
        null,
        null
      ],
      "/Users/pmedaugh/Documents/Turing/ideabox/spec/features/user_can_see_all_ideas_spec.rb": [
        1,
        null,
        1,
        1,
        1,
        1,
        null,
        1,
        1,
        1,
        1,
        1,
        1,
        null,
        null,
        null
      ],
      "/Users/pmedaugh/Documents/Turing/ideabox/spec/features/user_can_see_an_individual_idea_spec.rb": [
        1,
        null,
        1,
        1,
        1,
        1,
        null,
        1,
        1,
        1,
        1,
        1,
        1,
        1,
        null,
        null,
        null
      ],
      "/Users/pmedaugh/Documents/Turing/ideabox/spec/helpers/responses_helper_spec.rb": [
        1,
        null,
        null,
        null,
        null,
        null,
        null,
        null,
        null,
        null,
        null,
        null,
        1,
        1,
        null
      ],
      "/Users/pmedaugh/Documents/Turing/ideabox/spec/models/idea_spec.rb": [
        1,
        null,
        1,
        1,
        1,
        2,
        null,
        1,
        1,
        null,
        null,
        1,
        1,
        1,
        1,
        1,
        1,
        1,
        1,
        1,
        1,
        null,
        null,
        null
      ],
      "/Users/pmedaugh/Documents/Turing/ideabox/app/models/idea.rb": [
        1,
        1,
        1,
        1,
        null
      ]
    },
    "timestamp": 1436303468
  }
}
